The system is: Linux - 4.4.0-112-generic - x86_64
Compiling the C compiler identification source file "CMakeCCompilerId.c" succeeded.
Compiler: /usr/local/bin/gcc 
Build flags: 
Id flags: 

The output was:
0


Compilation of the C compiler identification source "CMakeCCompilerId.c" produced "a.out"

The C compiler identification is GNU, found in "/home/cs004/yuichi/working/MonoPhoton/myProcessors/build/CMakeFiles/3.6.3/CompilerIdC/a.out"

Compiling the CXX compiler identification source file "CMakeCXXCompilerId.cpp" succeeded.
Compiler: /usr/local/bin/g++ 
Build flags: 
Id flags: 

The output was:
0


Compilation of the CXX compiler identification source "CMakeCXXCompilerId.cpp" produced "a.out"

The CXX compiler identification is GNU, found in "/home/cs004/yuichi/working/MonoPhoton/myProcessors/build/CMakeFiles/3.6.3/CompilerIdCXX/a.out"

Determining if the C compiler works passed with the following output:
Change Dir: /home/cs004/yuichi/working/MonoPhoton/myProcessors/build/CMakeFiles/CMakeTmp

Run Build Command:"/usr/bin/make" "cmTC_ed2de/fast"
/usr/bin/make -f CMakeFiles/cmTC_ed2de.dir/build.make CMakeFiles/cmTC_ed2de.dir/build
make[1]: ディレクトリ '/home/cs004/yuichi/working/MonoPhoton/myProcessors/build/CMakeFiles/CMakeTmp' に入ります
Building C object CMakeFiles/cmTC_ed2de.dir/testCCompiler.c.o
/usr/local/bin/gcc     -o CMakeFiles/cmTC_ed2de.dir/testCCompiler.c.o   -c /home/cs004/yuichi/working/MonoPhoton/myProcessors/build/CMakeFiles/CMakeTmp/testCCompiler.c
Linking C executable cmTC_ed2de
/opt/ilcsoft/v01-19-04/CMake/3.6.3/bin/cmake -E cmake_link_script CMakeFiles/cmTC_ed2de.dir/link.txt --verbose=1
/usr/local/bin/gcc       CMakeFiles/cmTC_ed2de.dir/testCCompiler.c.o  -o cmTC_ed2de -rdynamic 
make[1]: ディレクトリ '/home/cs004/yuichi/working/MonoPhoton/myProcessors/build/CMakeFiles/CMakeTmp' から出ます


Detecting C compiler ABI info compiled with the following output:
Change Dir: /home/cs004/yuichi/working/MonoPhoton/myProcessors/build/CMakeFiles/CMakeTmp

Run Build Command:"/usr/bin/make" "cmTC_bae9f/fast"
/usr/bin/make -f CMakeFiles/cmTC_bae9f.dir/build.make CMakeFiles/cmTC_bae9f.dir/build
make[1]: ディレクトリ '/home/cs004/yuichi/working/MonoPhoton/myProcessors/build/CMakeFiles/CMakeTmp' に入ります
Building C object CMakeFiles/cmTC_bae9f.dir/CMakeCCompilerABI.c.o
/usr/local/bin/gcc     -o CMakeFiles/cmTC_bae9f.dir/CMakeCCompilerABI.c.o   -c /opt/ilcsoft/v01-19-04/CMake/3.6.3/share/cmake-3.6/Modules/CMakeCCompilerABI.c
Linking C executable cmTC_bae9f
/opt/ilcsoft/v01-19-04/CMake/3.6.3/bin/cmake -E cmake_link_script CMakeFiles/cmTC_bae9f.dir/link.txt --verbose=1
/usr/local/bin/gcc      -v CMakeFiles/cmTC_bae9f.dir/CMakeCCompilerABI.c.o  -o cmTC_bae9f -rdynamic  
Using built-in specs.
COLLECT_GCC=/usr/local/bin/gcc
COLLECT_LTO_WRAPPER=/usr/lib/gcc/x86_64-linux-gnu/4.9/lto-wrapper
Target: x86_64-linux-gnu
Configured with: ../src/configure -v --with-pkgversion='Ubuntu 4.9.3-13ubuntu2' --with-bugurl=file:///usr/share/doc/gcc-4.9/README.Bugs --enable-languages=c,c++,java,go,d,fortran,objc,obj-c++ --prefix=/usr --program-suffix=-4.9 --enable-shared --enable-linker-build-id --libexecdir=/usr/lib --without-included-gettext --enable-threads=posix --with-gxx-include-dir=/usr/include/c++/4.9 --libdir=/usr/lib --enable-nls --with-sysroot=/ --enable-clocale=gnu --enable-libstdcxx-debug --enable-libstdcxx-time=yes --enable-gnu-unique-object --disable-vtable-verify --enable-plugin --with-system-zlib --disable-browser-plugin --enable-java-awt=gtk --enable-gtk-cairo --with-java-home=/usr/lib/jvm/java-1.5.0-gcj-4.9-amd64/jre --enable-java-home --with-jvm-root-dir=/usr/lib/jvm/java-1.5.0-gcj-4.9-amd64 --with-jvm-jar-dir=/usr/lib/jvm-exports/java-1.5.0-gcj-4.9-amd64 --with-arch-directory=amd64 --with-ecj-jar=/usr/share/java/eclipse-ecj.jar --enable-objc-gc --enable-multiarch --disable-werror --with-arch-32=i686 --with-abi=m64 --with-multilib-list=m32,m64,mx32 --enable-multilib --with-tune=generic --enable-checking=release --build=x86_64-linux-gnu --host=x86_64-linux-gnu --target=x86_64-linux-gnu
Thread model: posix
gcc version 4.9.3 (Ubuntu 4.9.3-13ubuntu2) 
COMPILER_PATH=/usr/lib/gcc/x86_64-linux-gnu/4.9/:/usr/lib/gcc/x86_64-linux-gnu/4.9/:/usr/lib/gcc/x86_64-linux-gnu/:/usr/lib/gcc/x86_64-linux-gnu/4.9/:/usr/lib/gcc/x86_64-linux-gnu/
LIBRARY_PATH=/usr/lib/gcc/x86_64-linux-gnu/4.9/:/usr/lib/gcc/x86_64-linux-gnu/4.9/../../../x86_64-linux-gnu/:/usr/lib/gcc/x86_64-linux-gnu/4.9/../../../../lib/:/lib/x86_64-linux-gnu/:/lib/../lib/:/usr/lib/x86_64-linux-gnu/:/usr/lib/../lib/:/usr/lib/gcc/x86_64-linux-gnu/4.9/../../../:/lib/:/usr/lib/
COLLECT_GCC_OPTIONS='-v' '-o' 'cmTC_bae9f' '-rdynamic' '-mtune=generic' '-march=x86-64'
 /usr/lib/gcc/x86_64-linux-gnu/4.9/collect2 -plugin /usr/lib/gcc/x86_64-linux-gnu/4.9/liblto_plugin.so -plugin-opt=/usr/lib/gcc/x86_64-linux-gnu/4.9/lto-wrapper -plugin-opt=-fresolution=/tmp/ccaOWp9q.res -plugin-opt=-pass-through=-lgcc -plugin-opt=-pass-through=-lgcc_s -plugin-opt=-pass-through=-lc -plugin-opt=-pass-through=-lgcc -plugin-opt=-pass-through=-lgcc_s --sysroot=/ --build-id --eh-frame-hdr -m elf_x86_64 --hash-style=gnu --as-needed -export-dynamic -dynamic-linker /lib64/ld-linux-x86-64.so.2 -z relro -o cmTC_bae9f /usr/lib/gcc/x86_64-linux-gnu/4.9/../../../x86_64-linux-gnu/crt1.o /usr/lib/gcc/x86_64-linux-gnu/4.9/../../../x86_64-linux-gnu/crti.o /usr/lib/gcc/x86_64-linux-gnu/4.9/crtbegin.o -L/usr/lib/gcc/x86_64-linux-gnu/4.9 -L/usr/lib/gcc/x86_64-linux-gnu/4.9/../../../x86_64-linux-gnu -L/usr/lib/gcc/x86_64-linux-gnu/4.9/../../../../lib -L/lib/x86_64-linux-gnu -L/lib/../lib -L/usr/lib/x86_64-linux-gnu -L/usr/lib/../lib -L/usr/lib/gcc/x86_64-linux-gnu/4.9/../../.. CMakeFiles/cmTC_bae9f.dir/CMakeCCompilerABI.c.o -lgcc --as-needed -lgcc_s --no-as-needed -lc -lgcc --as-needed -lgcc_s --no-as-needed /usr/lib/gcc/x86_64-linux-gnu/4.9/crtend.o /usr/lib/gcc/x86_64-linux-gnu/4.9/../../../x86_64-linux-gnu/crtn.o
make[1]: ディレクトリ '/home/cs004/yuichi/working/MonoPhoton/myProcessors/build/CMakeFiles/CMakeTmp' から出ます


Parsed C implicit link information from above output:
  link line regex: [^( *|.*[/\])(ld|([^/\]+-)?ld|collect2)[^/\]*( |$)]
  ignore line: [Change Dir: /home/cs004/yuichi/working/MonoPhoton/myProcessors/build/CMakeFiles/CMakeTmp]
  ignore line: []
  ignore line: [Run Build Command:"/usr/bin/make" "cmTC_bae9f/fast"]
  ignore line: [/usr/bin/make -f CMakeFiles/cmTC_bae9f.dir/build.make CMakeFiles/cmTC_bae9f.dir/build]
  ignore line: [make[1]: ディレクトリ '/home/cs004/yuichi/working/MonoPhoton/myProcessors/build/CMakeFiles/CMakeTmp' に入ります]
  ignore line: [Building C object CMakeFiles/cmTC_bae9f.dir/CMakeCCompilerABI.c.o]
  ignore line: [/usr/local/bin/gcc     -o CMakeFiles/cmTC_bae9f.dir/CMakeCCompilerABI.c.o   -c /opt/ilcsoft/v01-19-04/CMake/3.6.3/share/cmake-3.6/Modules/CMakeCCompilerABI.c]
  ignore line: [Linking C executable cmTC_bae9f]
  ignore line: [/opt/ilcsoft/v01-19-04/CMake/3.6.3/bin/cmake -E cmake_link_script CMakeFiles/cmTC_bae9f.dir/link.txt --verbose=1]
  ignore line: [/usr/local/bin/gcc      -v CMakeFiles/cmTC_bae9f.dir/CMakeCCompilerABI.c.o  -o cmTC_bae9f -rdynamic  ]
  ignore line: [Using built-in specs.]
  ignore line: [COLLECT_GCC=/usr/local/bin/gcc]
  ignore line: [COLLECT_LTO_WRAPPER=/usr/lib/gcc/x86_64-linux-gnu/4.9/lto-wrapper]
  ignore line: [Target: x86_64-linux-gnu]
  ignore line: [Configured with: ../src/configure -v --with-pkgversion='Ubuntu 4.9.3-13ubuntu2' --with-bugurl=file:///usr/share/doc/gcc-4.9/README.Bugs --enable-languages=c,c++,java,go,d,fortran,objc,obj-c++ --prefix=/usr --program-suffix=-4.9 --enable-shared --enable-linker-build-id --libexecdir=/usr/lib --without-included-gettext --enable-threads=posix --with-gxx-include-dir=/usr/include/c++/4.9 --libdir=/usr/lib --enable-nls --with-sysroot=/ --enable-clocale=gnu --enable-libstdcxx-debug --enable-libstdcxx-time=yes --enable-gnu-unique-object --disable-vtable-verify --enable-plugin --with-system-zlib --disable-browser-plugin --enable-java-awt=gtk --enable-gtk-cairo --with-java-home=/usr/lib/jvm/java-1.5.0-gcj-4.9-amd64/jre --enable-java-home --with-jvm-root-dir=/usr/lib/jvm/java-1.5.0-gcj-4.9-amd64 --with-jvm-jar-dir=/usr/lib/jvm-exports/java-1.5.0-gcj-4.9-amd64 --with-arch-directory=amd64 --with-ecj-jar=/usr/share/java/eclipse-ecj.jar --enable-objc-gc --enable-multiarch --disable-werror --with-arch-32=i686 --with-abi=m64 --with-multilib-list=m32,m64,mx32 --enable-multilib --with-tune=generic --enable-checking=release --build=x86_64-linux-gnu --host=x86_64-linux-gnu --target=x86_64-linux-gnu]
  ignore line: [Thread model: posix]
  ignore line: [gcc version 4.9.3 (Ubuntu 4.9.3-13ubuntu2) ]
  ignore line: [COMPILER_PATH=/usr/lib/gcc/x86_64-linux-gnu/4.9/:/usr/lib/gcc/x86_64-linux-gnu/4.9/:/usr/lib/gcc/x86_64-linux-gnu/:/usr/lib/gcc/x86_64-linux-gnu/4.9/:/usr/lib/gcc/x86_64-linux-gnu/]
  ignore line: [LIBRARY_PATH=/usr/lib/gcc/x86_64-linux-gnu/4.9/:/usr/lib/gcc/x86_64-linux-gnu/4.9/../../../x86_64-linux-gnu/:/usr/lib/gcc/x86_64-linux-gnu/4.9/../../../../lib/:/lib/x86_64-linux-gnu/:/lib/../lib/:/usr/lib/x86_64-linux-gnu/:/usr/lib/../lib/:/usr/lib/gcc/x86_64-linux-gnu/4.9/../../../:/lib/:/usr/lib/]
  ignore line: [COLLECT_GCC_OPTIONS='-v' '-o' 'cmTC_bae9f' '-rdynamic' '-mtune=generic' '-march=x86-64']
  link line: [ /usr/lib/gcc/x86_64-linux-gnu/4.9/collect2 -plugin /usr/lib/gcc/x86_64-linux-gnu/4.9/liblto_plugin.so -plugin-opt=/usr/lib/gcc/x86_64-linux-gnu/4.9/lto-wrapper -plugin-opt=-fresolution=/tmp/ccaOWp9q.res -plugin-opt=-pass-through=-lgcc -plugin-opt=-pass-through=-lgcc_s -plugin-opt=-pass-through=-lc -plugin-opt=-pass-through=-lgcc -plugin-opt=-pass-through=-lgcc_s --sysroot=/ --build-id --eh-frame-hdr -m elf_x86_64 --hash-style=gnu --as-needed -export-dynamic -dynamic-linker /lib64/ld-linux-x86-64.so.2 -z relro -o cmTC_bae9f /usr/lib/gcc/x86_64-linux-gnu/4.9/../../../x86_64-linux-gnu/crt1.o /usr/lib/gcc/x86_64-linux-gnu/4.9/../../../x86_64-linux-gnu/crti.o /usr/lib/gcc/x86_64-linux-gnu/4.9/crtbegin.o -L/usr/lib/gcc/x86_64-linux-gnu/4.9 -L/usr/lib/gcc/x86_64-linux-gnu/4.9/../../../x86_64-linux-gnu -L/usr/lib/gcc/x86_64-linux-gnu/4.9/../../../../lib -L/lib/x86_64-linux-gnu -L/lib/../lib -L/usr/lib/x86_64-linux-gnu -L/usr/lib/../lib -L/usr/lib/gcc/x86_64-linux-gnu/4.9/../../.. CMakeFiles/cmTC_bae9f.dir/CMakeCCompilerABI.c.o -lgcc --as-needed -lgcc_s --no-as-needed -lc -lgcc --as-needed -lgcc_s --no-as-needed /usr/lib/gcc/x86_64-linux-gnu/4.9/crtend.o /usr/lib/gcc/x86_64-linux-gnu/4.9/../../../x86_64-linux-gnu/crtn.o]
    arg [/usr/lib/gcc/x86_64-linux-gnu/4.9/collect2] ==> ignore
    arg [-plugin] ==> ignore
    arg [/usr/lib/gcc/x86_64-linux-gnu/4.9/liblto_plugin.so] ==> ignore
    arg [-plugin-opt=/usr/lib/gcc/x86_64-linux-gnu/4.9/lto-wrapper] ==> ignore
    arg [-plugin-opt=-fresolution=/tmp/ccaOWp9q.res] ==> ignore
    arg [-plugin-opt=-pass-through=-lgcc] ==> ignore
    arg [-plugin-opt=-pass-through=-lgcc_s] ==> ignore
    arg [-plugin-opt=-pass-through=-lc] ==> ignore
    arg [-plugin-opt=-pass-through=-lgcc] ==> ignore
    arg [-plugin-opt=-pass-through=-lgcc_s] ==> ignore
    arg [--sysroot=/] ==> ignore
    arg [--build-id] ==> ignore
    arg [--eh-frame-hdr] ==> ignore
    arg [-m] ==> ignore
    arg [elf_x86_64] ==> ignore
    arg [--hash-style=gnu] ==> ignore
    arg [--as-needed] ==> ignore
    arg [-export-dynamic] ==> ignore
    arg [-dynamic-linker] ==> ignore
    arg [/lib64/ld-linux-x86-64.so.2] ==> ignore
    arg [-zrelro] ==> ignore
    arg [-o] ==> ignore
    arg [cmTC_bae9f] ==> ignore
    arg [/usr/lib/gcc/x86_64-linux-gnu/4.9/../../../x86_64-linux-gnu/crt1.o] ==> ignore
    arg [/usr/lib/gcc/x86_64-linux-gnu/4.9/../../../x86_64-linux-gnu/crti.o] ==> ignore
    arg [/usr/lib/gcc/x86_64-linux-gnu/4.9/crtbegin.o] ==> ignore
    arg [-L/usr/lib/gcc/x86_64-linux-gnu/4.9] ==> dir [/usr/lib/gcc/x86_64-linux-gnu/4.9]
    arg [-L/usr/lib/gcc/x86_64-linux-gnu/4.9/../../../x86_64-linux-gnu] ==> dir [/usr/lib/gcc/x86_64-linux-gnu/4.9/../../../x86_64-linux-gnu]
    arg [-L/usr/lib/gcc/x86_64-linux-gnu/4.9/../../../../lib] ==> dir [/usr/lib/gcc/x86_64-linux-gnu/4.9/../../../../lib]
    arg [-L/lib/x86_64-linux-gnu] ==> dir [/lib/x86_64-linux-gnu]
    arg [-L/lib/../lib] ==> dir [/lib/../lib]
    arg [-L/usr/lib/x86_64-linux-gnu] ==> dir [/usr/lib/x86_64-linux-gnu]
    arg [-L/usr/lib/../lib] ==> dir [/usr/lib/../lib]
    arg [-L/usr/lib/gcc/x86_64-linux-gnu/4.9/../../..] ==> dir [/usr/lib/gcc/x86_64-linux-gnu/4.9/../../..]
    arg [CMakeFiles/cmTC_bae9f.dir/CMakeCCompilerABI.c.o] ==> ignore
    arg [-lgcc] ==> lib [gcc]
    arg [--as-needed] ==> ignore
    arg [-lgcc_s] ==> lib [gcc_s]
    arg [--no-as-needed] ==> ignore
    arg [-lc] ==> lib [c]
    arg [-lgcc] ==> lib [gcc]
    arg [--as-needed] ==> ignore
    arg [-lgcc_s] ==> lib [gcc_s]
    arg [--no-as-needed] ==> ignore
    arg [/usr/lib/gcc/x86_64-linux-gnu/4.9/crtend.o] ==> ignore
    arg [/usr/lib/gcc/x86_64-linux-gnu/4.9/../../../x86_64-linux-gnu/crtn.o] ==> ignore
  remove lib [gcc]
  remove lib [gcc_s]
  remove lib [gcc]
  remove lib [gcc_s]
  collapse library dir [/usr/lib/gcc/x86_64-linux-gnu/4.9] ==> [/usr/lib/gcc/x86_64-linux-gnu/4.9]
  collapse library dir [/usr/lib/gcc/x86_64-linux-gnu/4.9/../../../x86_64-linux-gnu] ==> [/usr/lib/x86_64-linux-gnu]
  collapse library dir [/usr/lib/gcc/x86_64-linux-gnu/4.9/../../../../lib] ==> [/usr/lib]
  collapse library dir [/lib/x86_64-linux-gnu] ==> [/lib/x86_64-linux-gnu]
  collapse library dir [/lib/../lib] ==> [/lib]
  collapse library dir [/usr/lib/x86_64-linux-gnu] ==> [/usr/lib/x86_64-linux-gnu]
  collapse library dir [/usr/lib/../lib] ==> [/usr/lib]
  collapse library dir [/usr/lib/gcc/x86_64-linux-gnu/4.9/../../..] ==> [/usr/lib]
  implicit libs: [c]
  implicit dirs: [/usr/lib/gcc/x86_64-linux-gnu/4.9;/usr/lib/x86_64-linux-gnu;/usr/lib;/lib/x86_64-linux-gnu;/lib]
  implicit fwks: []




Detecting C [-std=c11] compiler features compiled with the following output:
Change Dir: /home/cs004/yuichi/working/MonoPhoton/myProcessors/build/CMakeFiles/CMakeTmp

Run Build Command:"/usr/bin/make" "cmTC_e2d0a/fast"
/usr/bin/make -f CMakeFiles/cmTC_e2d0a.dir/build.make CMakeFiles/cmTC_e2d0a.dir/build
make[1]: ディレクトリ '/home/cs004/yuichi/working/MonoPhoton/myProcessors/build/CMakeFiles/CMakeTmp' に入ります
Building C object CMakeFiles/cmTC_e2d0a.dir/feature_tests.c.o
/usr/local/bin/gcc    -std=c11 -o CMakeFiles/cmTC_e2d0a.dir/feature_tests.c.o   -c /home/cs004/yuichi/working/MonoPhoton/myProcessors/build/CMakeFiles/feature_tests.c
Linking C executable cmTC_e2d0a
/opt/ilcsoft/v01-19-04/CMake/3.6.3/bin/cmake -E cmake_link_script CMakeFiles/cmTC_e2d0a.dir/link.txt --verbose=1
/usr/local/bin/gcc       CMakeFiles/cmTC_e2d0a.dir/feature_tests.c.o  -o cmTC_e2d0a -rdynamic 
make[1]: ディレクトリ '/home/cs004/yuichi/working/MonoPhoton/myProcessors/build/CMakeFiles/CMakeTmp' から出ます


    Feature record: C_FEATURE:1c_function_prototypes
    Feature record: C_FEATURE:1c_restrict
    Feature record: C_FEATURE:1c_static_assert
    Feature record: C_FEATURE:1c_variadic_macros


Detecting C [-std=c99] compiler features compiled with the following output:
Change Dir: /home/cs004/yuichi/working/MonoPhoton/myProcessors/build/CMakeFiles/CMakeTmp

Run Build Command:"/usr/bin/make" "cmTC_88ac1/fast"
/usr/bin/make -f CMakeFiles/cmTC_88ac1.dir/build.make CMakeFiles/cmTC_88ac1.dir/build
make[1]: ディレクトリ '/home/cs004/yuichi/working/MonoPhoton/myProcessors/build/CMakeFiles/CMakeTmp' に入ります
Building C object CMakeFiles/cmTC_88ac1.dir/feature_tests.c.o
/usr/local/bin/gcc    -std=c99 -o CMakeFiles/cmTC_88ac1.dir/feature_tests.c.o   -c /home/cs004/yuichi/working/MonoPhoton/myProcessors/build/CMakeFiles/feature_tests.c
Linking C executable cmTC_88ac1
/opt/ilcsoft/v01-19-04/CMake/3.6.3/bin/cmake -E cmake_link_script CMakeFiles/cmTC_88ac1.dir/link.txt --verbose=1
/usr/local/bin/gcc       CMakeFiles/cmTC_88ac1.dir/feature_tests.c.o  -o cmTC_88ac1 -rdynamic 
make[1]: ディレクトリ '/home/cs004/yuichi/working/MonoPhoton/myProcessors/build/CMakeFiles/CMakeTmp' から出ます


    Feature record: C_FEATURE:1c_function_prototypes
    Feature record: C_FEATURE:1c_restrict
    Feature record: C_FEATURE:0c_static_assert
    Feature record: C_FEATURE:1c_variadic_macros


Detecting C [-std=c90] compiler features compiled with the following output:
Change Dir: /home/cs004/yuichi/working/MonoPhoton/myProcessors/build/CMakeFiles/CMakeTmp

Run Build Command:"/usr/bin/make" "cmTC_67228/fast"
/usr/bin/make -f CMakeFiles/cmTC_67228.dir/build.make CMakeFiles/cmTC_67228.dir/build
make[1]: ディレクトリ '/home/cs004/yuichi/working/MonoPhoton/myProcessors/build/CMakeFiles/CMakeTmp' に入ります
Building C object CMakeFiles/cmTC_67228.dir/feature_tests.c.o
/usr/local/bin/gcc    -std=c90 -o CMakeFiles/cmTC_67228.dir/feature_tests.c.o   -c /home/cs004/yuichi/working/MonoPhoton/myProcessors/build/CMakeFiles/feature_tests.c
Linking C executable cmTC_67228
/opt/ilcsoft/v01-19-04/CMake/3.6.3/bin/cmake -E cmake_link_script CMakeFiles/cmTC_67228.dir/link.txt --verbose=1
/usr/local/bin/gcc       CMakeFiles/cmTC_67228.dir/feature_tests.c.o  -o cmTC_67228 -rdynamic 
make[1]: ディレクトリ '/home/cs004/yuichi/working/MonoPhoton/myProcessors/build/CMakeFiles/CMakeTmp' から出ます


    Feature record: C_FEATURE:1c_function_prototypes
    Feature record: C_FEATURE:0c_restrict
    Feature record: C_FEATURE:0c_static_assert
    Feature record: C_FEATURE:0c_variadic_macros
Determining if the CXX compiler works passed with the following output:
Change Dir: /home/cs004/yuichi/working/MonoPhoton/myProcessors/build/CMakeFiles/CMakeTmp

Run Build Command:"/usr/bin/make" "cmTC_304c3/fast"
/usr/bin/make -f CMakeFiles/cmTC_304c3.dir/build.make CMakeFiles/cmTC_304c3.dir/build
make[1]: ディレクトリ '/home/cs004/yuichi/working/MonoPhoton/myProcessors/build/CMakeFiles/CMakeTmp' に入ります
Building CXX object CMakeFiles/cmTC_304c3.dir/testCXXCompiler.cxx.o
/usr/local/bin/g++      -o CMakeFiles/cmTC_304c3.dir/testCXXCompiler.cxx.o -c /home/cs004/yuichi/working/MonoPhoton/myProcessors/build/CMakeFiles/CMakeTmp/testCXXCompiler.cxx
Linking CXX executable cmTC_304c3
/opt/ilcsoft/v01-19-04/CMake/3.6.3/bin/cmake -E cmake_link_script CMakeFiles/cmTC_304c3.dir/link.txt --verbose=1
/usr/local/bin/g++        CMakeFiles/cmTC_304c3.dir/testCXXCompiler.cxx.o  -o cmTC_304c3 -rdynamic 
make[1]: ディレクトリ '/home/cs004/yuichi/working/MonoPhoton/myProcessors/build/CMakeFiles/CMakeTmp' から出ます


Detecting CXX compiler ABI info compiled with the following output:
Change Dir: /home/cs004/yuichi/working/MonoPhoton/myProcessors/build/CMakeFiles/CMakeTmp

Run Build Command:"/usr/bin/make" "cmTC_ee267/fast"
/usr/bin/make -f CMakeFiles/cmTC_ee267.dir/build.make CMakeFiles/cmTC_ee267.dir/build
make[1]: ディレクトリ '/home/cs004/yuichi/working/MonoPhoton/myProcessors/build/CMakeFiles/CMakeTmp' に入ります
Building CXX object CMakeFiles/cmTC_ee267.dir/CMakeCXXCompilerABI.cpp.o
/usr/local/bin/g++      -o CMakeFiles/cmTC_ee267.dir/CMakeCXXCompilerABI.cpp.o -c /opt/ilcsoft/v01-19-04/CMake/3.6.3/share/cmake-3.6/Modules/CMakeCXXCompilerABI.cpp
Linking CXX executable cmTC_ee267
/opt/ilcsoft/v01-19-04/CMake/3.6.3/bin/cmake -E cmake_link_script CMakeFiles/cmTC_ee267.dir/link.txt --verbose=1
/usr/local/bin/g++       -v CMakeFiles/cmTC_ee267.dir/CMakeCXXCompilerABI.cpp.o  -o cmTC_ee267 -rdynamic  
Using built-in specs.
COLLECT_GCC=/usr/local/bin/g++
COLLECT_LTO_WRAPPER=/usr/lib/gcc/x86_64-linux-gnu/4.9/lto-wrapper
Target: x86_64-linux-gnu
Configured with: ../src/configure -v --with-pkgversion='Ubuntu 4.9.3-13ubuntu2' --with-bugurl=file:///usr/share/doc/gcc-4.9/README.Bugs --enable-languages=c,c++,java,go,d,fortran,objc,obj-c++ --prefix=/usr --program-suffix=-4.9 --enable-shared --enable-linker-build-id --libexecdir=/usr/lib --without-included-gettext --enable-threads=posix --with-gxx-include-dir=/usr/include/c++/4.9 --libdir=/usr/lib --enable-nls --with-sysroot=/ --enable-clocale=gnu --enable-libstdcxx-debug --enable-libstdcxx-time=yes --enable-gnu-unique-object --disable-vtable-verify --enable-plugin --with-system-zlib --disable-browser-plugin --enable-java-awt=gtk --enable-gtk-cairo --with-java-home=/usr/lib/jvm/java-1.5.0-gcj-4.9-amd64/jre --enable-java-home --with-jvm-root-dir=/usr/lib/jvm/java-1.5.0-gcj-4.9-amd64 --with-jvm-jar-dir=/usr/lib/jvm-exports/java-1.5.0-gcj-4.9-amd64 --with-arch-directory=amd64 --with-ecj-jar=/usr/share/java/eclipse-ecj.jar --enable-objc-gc --enable-multiarch --disable-werror --with-arch-32=i686 --with-abi=m64 --with-multilib-list=m32,m64,mx32 --enable-multilib --with-tune=generic --enable-checking=release --build=x86_64-linux-gnu --host=x86_64-linux-gnu --target=x86_64-linux-gnu
Thread model: posix
gcc version 4.9.3 (Ubuntu 4.9.3-13ubuntu2) 
COMPILER_PATH=/usr/lib/gcc/x86_64-linux-gnu/4.9/:/usr/lib/gcc/x86_64-linux-gnu/4.9/:/usr/lib/gcc/x86_64-linux-gnu/:/usr/lib/gcc/x86_64-linux-gnu/4.9/:/usr/lib/gcc/x86_64-linux-gnu/
LIBRARY_PATH=/usr/lib/gcc/x86_64-linux-gnu/4.9/:/usr/lib/gcc/x86_64-linux-gnu/4.9/../../../x86_64-linux-gnu/:/usr/lib/gcc/x86_64-linux-gnu/4.9/../../../../lib/:/lib/x86_64-linux-gnu/:/lib/../lib/:/usr/lib/x86_64-linux-gnu/:/usr/lib/../lib/:/usr/lib/gcc/x86_64-linux-gnu/4.9/../../../:/lib/:/usr/lib/
COLLECT_GCC_OPTIONS='-v' '-o' 'cmTC_ee267' '-rdynamic' '-shared-libgcc' '-mtune=generic' '-march=x86-64'
 /usr/lib/gcc/x86_64-linux-gnu/4.9/collect2 -plugin /usr/lib/gcc/x86_64-linux-gnu/4.9/liblto_plugin.so -plugin-opt=/usr/lib/gcc/x86_64-linux-gnu/4.9/lto-wrapper -plugin-opt=-fresolution=/tmp/cctYB6l1.res -plugin-opt=-pass-through=-lgcc_s -plugin-opt=-pass-through=-lgcc -plugin-opt=-pass-through=-lc -plugin-opt=-pass-through=-lgcc_s -plugin-opt=-pass-through=-lgcc --sysroot=/ --build-id --eh-frame-hdr -m elf_x86_64 --hash-style=gnu --as-needed -export-dynamic -dynamic-linker /lib64/ld-linux-x86-64.so.2 -z relro -o cmTC_ee267 /usr/lib/gcc/x86_64-linux-gnu/4.9/../../../x86_64-linux-gnu/crt1.o /usr/lib/gcc/x86_64-linux-gnu/4.9/../../../x86_64-linux-gnu/crti.o /usr/lib/gcc/x86_64-linux-gnu/4.9/crtbegin.o -L/usr/lib/gcc/x86_64-linux-gnu/4.9 -L/usr/lib/gcc/x86_64-linux-gnu/4.9/../../../x86_64-linux-gnu -L/usr/lib/gcc/x86_64-linux-gnu/4.9/../../../../lib -L/lib/x86_64-linux-gnu -L/lib/../lib -L/usr/lib/x86_64-linux-gnu -L/usr/lib/../lib -L/usr/lib/gcc/x86_64-linux-gnu/4.9/../../.. CMakeFiles/cmTC_ee267.dir/CMakeCXXCompilerABI.cpp.o -lstdc++ -lm -lgcc_s -lgcc -lc -lgcc_s -lgcc /usr/lib/gcc/x86_64-linux-gnu/4.9/crtend.o /usr/lib/gcc/x86_64-linux-gnu/4.9/../../../x86_64-linux-gnu/crtn.o
make[1]: ディレクトリ '/home/cs004/yuichi/working/MonoPhoton/myProcessors/build/CMakeFiles/CMakeTmp' から出ます


Parsed CXX implicit link information from above output:
  link line regex: [^( *|.*[/\])(ld|([^/\]+-)?ld|collect2)[^/\]*( |$)]
  ignore line: [Change Dir: /home/cs004/yuichi/working/MonoPhoton/myProcessors/build/CMakeFiles/CMakeTmp]
  ignore line: []
  ignore line: [Run Build Command:"/usr/bin/make" "cmTC_ee267/fast"]
  ignore line: [/usr/bin/make -f CMakeFiles/cmTC_ee267.dir/build.make CMakeFiles/cmTC_ee267.dir/build]
  ignore line: [make[1]: ディレクトリ '/home/cs004/yuichi/working/MonoPhoton/myProcessors/build/CMakeFiles/CMakeTmp' に入ります]
  ignore line: [Building CXX object CMakeFiles/cmTC_ee267.dir/CMakeCXXCompilerABI.cpp.o]
  ignore line: [/usr/local/bin/g++      -o CMakeFiles/cmTC_ee267.dir/CMakeCXXCompilerABI.cpp.o -c /opt/ilcsoft/v01-19-04/CMake/3.6.3/share/cmake-3.6/Modules/CMakeCXXCompilerABI.cpp]
  ignore line: [Linking CXX executable cmTC_ee267]
  ignore line: [/opt/ilcsoft/v01-19-04/CMake/3.6.3/bin/cmake -E cmake_link_script CMakeFiles/cmTC_ee267.dir/link.txt --verbose=1]
  ignore line: [/usr/local/bin/g++       -v CMakeFiles/cmTC_ee267.dir/CMakeCXXCompilerABI.cpp.o  -o cmTC_ee267 -rdynamic  ]
  ignore line: [Using built-in specs.]
  ignore line: [COLLECT_GCC=/usr/local/bin/g++]
  ignore line: [COLLECT_LTO_WRAPPER=/usr/lib/gcc/x86_64-linux-gnu/4.9/lto-wrapper]
  ignore line: [Target: x86_64-linux-gnu]
  ignore line: [Configured with: ../src/configure -v --with-pkgversion='Ubuntu 4.9.3-13ubuntu2' --with-bugurl=file:///usr/share/doc/gcc-4.9/README.Bugs --enable-languages=c,c++,java,go,d,fortran,objc,obj-c++ --prefix=/usr --program-suffix=-4.9 --enable-shared --enable-linker-build-id --libexecdir=/usr/lib --without-included-gettext --enable-threads=posix --with-gxx-include-dir=/usr/include/c++/4.9 --libdir=/usr/lib --enable-nls --with-sysroot=/ --enable-clocale=gnu --enable-libstdcxx-debug --enable-libstdcxx-time=yes --enable-gnu-unique-object --disable-vtable-verify --enable-plugin --with-system-zlib --disable-browser-plugin --enable-java-awt=gtk --enable-gtk-cairo --with-java-home=/usr/lib/jvm/java-1.5.0-gcj-4.9-amd64/jre --enable-java-home --with-jvm-root-dir=/usr/lib/jvm/java-1.5.0-gcj-4.9-amd64 --with-jvm-jar-dir=/usr/lib/jvm-exports/java-1.5.0-gcj-4.9-amd64 --with-arch-directory=amd64 --with-ecj-jar=/usr/share/java/eclipse-ecj.jar --enable-objc-gc --enable-multiarch --disable-werror --with-arch-32=i686 --with-abi=m64 --with-multilib-list=m32,m64,mx32 --enable-multilib --with-tune=generic --enable-checking=release --build=x86_64-linux-gnu --host=x86_64-linux-gnu --target=x86_64-linux-gnu]
  ignore line: [Thread model: posix]
  ignore line: [gcc version 4.9.3 (Ubuntu 4.9.3-13ubuntu2) ]
  ignore line: [COMPILER_PATH=/usr/lib/gcc/x86_64-linux-gnu/4.9/:/usr/lib/gcc/x86_64-linux-gnu/4.9/:/usr/lib/gcc/x86_64-linux-gnu/:/usr/lib/gcc/x86_64-linux-gnu/4.9/:/usr/lib/gcc/x86_64-linux-gnu/]
  ignore line: [LIBRARY_PATH=/usr/lib/gcc/x86_64-linux-gnu/4.9/:/usr/lib/gcc/x86_64-linux-gnu/4.9/../../../x86_64-linux-gnu/:/usr/lib/gcc/x86_64-linux-gnu/4.9/../../../../lib/:/lib/x86_64-linux-gnu/:/lib/../lib/:/usr/lib/x86_64-linux-gnu/:/usr/lib/../lib/:/usr/lib/gcc/x86_64-linux-gnu/4.9/../../../:/lib/:/usr/lib/]
  ignore line: [COLLECT_GCC_OPTIONS='-v' '-o' 'cmTC_ee267' '-rdynamic' '-shared-libgcc' '-mtune=generic' '-march=x86-64']
  link line: [ /usr/lib/gcc/x86_64-linux-gnu/4.9/collect2 -plugin /usr/lib/gcc/x86_64-linux-gnu/4.9/liblto_plugin.so -plugin-opt=/usr/lib/gcc/x86_64-linux-gnu/4.9/lto-wrapper -plugin-opt=-fresolution=/tmp/cctYB6l1.res -plugin-opt=-pass-through=-lgcc_s -plugin-opt=-pass-through=-lgcc -plugin-opt=-pass-through=-lc -plugin-opt=-pass-through=-lgcc_s -plugin-opt=-pass-through=-lgcc --sysroot=/ --build-id --eh-frame-hdr -m elf_x86_64 --hash-style=gnu --as-needed -export-dynamic -dynamic-linker /lib64/ld-linux-x86-64.so.2 -z relro -o cmTC_ee267 /usr/lib/gcc/x86_64-linux-gnu/4.9/../../../x86_64-linux-gnu/crt1.o /usr/lib/gcc/x86_64-linux-gnu/4.9/../../../x86_64-linux-gnu/crti.o /usr/lib/gcc/x86_64-linux-gnu/4.9/crtbegin.o -L/usr/lib/gcc/x86_64-linux-gnu/4.9 -L/usr/lib/gcc/x86_64-linux-gnu/4.9/../../../x86_64-linux-gnu -L/usr/lib/gcc/x86_64-linux-gnu/4.9/../../../../lib -L/lib/x86_64-linux-gnu -L/lib/../lib -L/usr/lib/x86_64-linux-gnu -L/usr/lib/../lib -L/usr/lib/gcc/x86_64-linux-gnu/4.9/../../.. CMakeFiles/cmTC_ee267.dir/CMakeCXXCompilerABI.cpp.o -lstdc++ -lm -lgcc_s -lgcc -lc -lgcc_s -lgcc /usr/lib/gcc/x86_64-linux-gnu/4.9/crtend.o /usr/lib/gcc/x86_64-linux-gnu/4.9/../../../x86_64-linux-gnu/crtn.o]
    arg [/usr/lib/gcc/x86_64-linux-gnu/4.9/collect2] ==> ignore
    arg [-plugin] ==> ignore
    arg [/usr/lib/gcc/x86_64-linux-gnu/4.9/liblto_plugin.so] ==> ignore
    arg [-plugin-opt=/usr/lib/gcc/x86_64-linux-gnu/4.9/lto-wrapper] ==> ignore
    arg [-plugin-opt=-fresolution=/tmp/cctYB6l1.res] ==> ignore
    arg [-plugin-opt=-pass-through=-lgcc_s] ==> ignore
    arg [-plugin-opt=-pass-through=-lgcc] ==> ignore
    arg [-plugin-opt=-pass-through=-lc] ==> ignore
    arg [-plugin-opt=-pass-through=-lgcc_s] ==> ignore
    arg [-plugin-opt=-pass-through=-lgcc] ==> ignore
    arg [--sysroot=/] ==> ignore
    arg [--build-id] ==> ignore
    arg [--eh-frame-hdr] ==> ignore
    arg [-m] ==> ignore
    arg [elf_x86_64] ==> ignore
    arg [--hash-style=gnu] ==> ignore
    arg [--as-needed] ==> ignore
    arg [-export-dynamic] ==> ignore
    arg [-dynamic-linker] ==> ignore
    arg [/lib64/ld-linux-x86-64.so.2] ==> ignore
    arg [-zrelro] ==> ignore
    arg [-o] ==> ignore
    arg [cmTC_ee267] ==> ignore
    arg [/usr/lib/gcc/x86_64-linux-gnu/4.9/../../../x86_64-linux-gnu/crt1.o] ==> ignore
    arg [/usr/lib/gcc/x86_64-linux-gnu/4.9/../../../x86_64-linux-gnu/crti.o] ==> ignore
    arg [/usr/lib/gcc/x86_64-linux-gnu/4.9/crtbegin.o] ==> ignore
    arg [-L/usr/lib/gcc/x86_64-linux-gnu/4.9] ==> dir [/usr/lib/gcc/x86_64-linux-gnu/4.9]
    arg [-L/usr/lib/gcc/x86_64-linux-gnu/4.9/../../../x86_64-linux-gnu] ==> dir [/usr/lib/gcc/x86_64-linux-gnu/4.9/../../../x86_64-linux-gnu]
    arg [-L/usr/lib/gcc/x86_64-linux-gnu/4.9/../../../../lib] ==> dir [/usr/lib/gcc/x86_64-linux-gnu/4.9/../../../../lib]
    arg [-L/lib/x86_64-linux-gnu] ==> dir [/lib/x86_64-linux-gnu]
    arg [-L/lib/../lib] ==> dir [/lib/../lib]
    arg [-L/usr/lib/x86_64-linux-gnu] ==> dir [/usr/lib/x86_64-linux-gnu]
    arg [-L/usr/lib/../lib] ==> dir [/usr/lib/../lib]
    arg [-L/usr/lib/gcc/x86_64-linux-gnu/4.9/../../..] ==> dir [/usr/lib/gcc/x86_64-linux-gnu/4.9/../../..]
    arg [CMakeFiles/cmTC_ee267.dir/CMakeCXXCompilerABI.cpp.o] ==> ignore
    arg [-lstdc++] ==> lib [stdc++]
    arg [-lm] ==> lib [m]
    arg [-lgcc_s] ==> lib [gcc_s]
    arg [-lgcc] ==> lib [gcc]
    arg [-lc] ==> lib [c]
    arg [-lgcc_s] ==> lib [gcc_s]
    arg [-lgcc] ==> lib [gcc]
    arg [/usr/lib/gcc/x86_64-linux-gnu/4.9/crtend.o] ==> ignore
    arg [/usr/lib/gcc/x86_64-linux-gnu/4.9/../../../x86_64-linux-gnu/crtn.o] ==> ignore
  remove lib [gcc_s]
  remove lib [gcc]
  remove lib [gcc_s]
  remove lib [gcc]
  collapse library dir [/usr/lib/gcc/x86_64-linux-gnu/4.9] ==> [/usr/lib/gcc/x86_64-linux-gnu/4.9]
  collapse library dir [/usr/lib/gcc/x86_64-linux-gnu/4.9/../../../x86_64-linux-gnu] ==> [/usr/lib/x86_64-linux-gnu]
  collapse library dir [/usr/lib/gcc/x86_64-linux-gnu/4.9/../../../../lib] ==> [/usr/lib]
  collapse library dir [/lib/x86_64-linux-gnu] ==> [/lib/x86_64-linux-gnu]
  collapse library dir [/lib/../lib] ==> [/lib]
  collapse library dir [/usr/lib/x86_64-linux-gnu] ==> [/usr/lib/x86_64-linux-gnu]
  collapse library dir [/usr/lib/../lib] ==> [/usr/lib]
  collapse library dir [/usr/lib/gcc/x86_64-linux-gnu/4.9/../../..] ==> [/usr/lib]
  implicit libs: [stdc++;m;c]
  implicit dirs: [/usr/lib/gcc/x86_64-linux-gnu/4.9;/usr/lib/x86_64-linux-gnu;/usr/lib;/lib/x86_64-linux-gnu;/lib]
  implicit fwks: []




Detecting CXX [-std=c++14] compiler features compiled with the following output:
Change Dir: /home/cs004/yuichi/working/MonoPhoton/myProcessors/build/CMakeFiles/CMakeTmp

Run Build Command:"/usr/bin/make" "cmTC_6915b/fast"
/usr/bin/make -f CMakeFiles/cmTC_6915b.dir/build.make CMakeFiles/cmTC_6915b.dir/build
make[1]: ディレクトリ '/home/cs004/yuichi/working/MonoPhoton/myProcessors/build/CMakeFiles/CMakeTmp' に入ります
Building CXX object CMakeFiles/cmTC_6915b.dir/feature_tests.cxx.o
/usr/local/bin/g++     -std=c++14 -o CMakeFiles/cmTC_6915b.dir/feature_tests.cxx.o -c /home/cs004/yuichi/working/MonoPhoton/myProcessors/build/CMakeFiles/feature_tests.cxx
Linking CXX executable cmTC_6915b
/opt/ilcsoft/v01-19-04/CMake/3.6.3/bin/cmake -E cmake_link_script CMakeFiles/cmTC_6915b.dir/link.txt --verbose=1
/usr/local/bin/g++        CMakeFiles/cmTC_6915b.dir/feature_tests.cxx.o  -o cmTC_6915b -rdynamic 
make[1]: ディレクトリ '/home/cs004/yuichi/working/MonoPhoton/myProcessors/build/CMakeFiles/CMakeTmp' から出ます


    Feature record: CXX_FEATURE:0cxx_aggregate_default_initializers
    Feature record: CXX_FEATURE:1cxx_alias_templates
    Feature record: CXX_FEATURE:1cxx_alignas
    Feature record: CXX_FEATURE:1cxx_alignof
    Feature record: CXX_FEATURE:1cxx_attributes
    Feature record: CXX_FEATURE:1cxx_attribute_deprecated
    Feature record: CXX_FEATURE:1cxx_auto_type
    Feature record: CXX_FEATURE:1cxx_binary_literals
    Feature record: CXX_FEATURE:1cxx_constexpr
    Feature record: CXX_FEATURE:1cxx_contextual_conversions
    Feature record: CXX_FEATURE:1cxx_decltype
    Feature record: CXX_FEATURE:1cxx_decltype_auto
    Feature record: CXX_FEATURE:1cxx_decltype_incomplete_return_types
    Feature record: CXX_FEATURE:1cxx_default_function_template_args
    Feature record: CXX_FEATURE:1cxx_defaulted_functions
    Feature record: CXX_FEATURE:1cxx_defaulted_move_initializers
    Feature record: CXX_FEATURE:1cxx_delegating_constructors
    Feature record: CXX_FEATURE:1cxx_deleted_functions
    Feature record: CXX_FEATURE:1cxx_digit_separators
    Feature record: CXX_FEATURE:1cxx_enum_forward_declarations
    Feature record: CXX_FEATURE:1cxx_explicit_conversions
    Feature record: CXX_FEATURE:1cxx_extended_friend_declarations
    Feature record: CXX_FEATURE:1cxx_extern_templates
    Feature record: CXX_FEATURE:1cxx_final
    Feature record: CXX_FEATURE:1cxx_func_identifier
    Feature record: CXX_FEATURE:1cxx_generalized_initializers
    Feature record: CXX_FEATURE:1cxx_generic_lambdas
    Feature record: CXX_FEATURE:1cxx_inheriting_constructors
    Feature record: CXX_FEATURE:1cxx_inline_namespaces
    Feature record: CXX_FEATURE:1cxx_lambdas
    Feature record: CXX_FEATURE:1cxx_lambda_init_captures
    Feature record: CXX_FEATURE:1cxx_local_type_template_args
    Feature record: CXX_FEATURE:1cxx_long_long_type
    Feature record: CXX_FEATURE:1cxx_noexcept
    Feature record: CXX_FEATURE:1cxx_nonstatic_member_init
    Feature record: CXX_FEATURE:1cxx_nullptr
    Feature record: CXX_FEATURE:1cxx_override
    Feature record: CXX_FEATURE:1cxx_range_for
    Feature record: CXX_FEATURE:1cxx_raw_string_literals
    Feature record: CXX_FEATURE:1cxx_reference_qualified_functions
    Feature record: CXX_FEATURE:0cxx_relaxed_constexpr
    Feature record: CXX_FEATURE:1cxx_return_type_deduction
    Feature record: CXX_FEATURE:1cxx_right_angle_brackets
    Feature record: CXX_FEATURE:1cxx_rvalue_references
    Feature record: CXX_FEATURE:1cxx_sizeof_member
    Feature record: CXX_FEATURE:1cxx_static_assert
    Feature record: CXX_FEATURE:1cxx_strong_enums
    Feature record: CXX_FEATURE:1cxx_template_template_parameters
    Feature record: CXX_FEATURE:1cxx_thread_local
    Feature record: CXX_FEATURE:1cxx_trailing_return_types
    Feature record: CXX_FEATURE:1cxx_unicode_literals
    Feature record: CXX_FEATURE:1cxx_uniform_initialization
    Feature record: CXX_FEATURE:1cxx_unrestricted_unions
    Feature record: CXX_FEATURE:1cxx_user_literals
    Feature record: CXX_FEATURE:0cxx_variable_templates
    Feature record: CXX_FEATURE:1cxx_variadic_macros
    Feature record: CXX_FEATURE:1cxx_variadic_templates


Detecting CXX [-std=c++11] compiler features compiled with the following output:
Change Dir: /home/cs004/yuichi/working/MonoPhoton/myProcessors/build/CMakeFiles/CMakeTmp

Run Build Command:"/usr/bin/make" "cmTC_bd61b/fast"
/usr/bin/make -f CMakeFiles/cmTC_bd61b.dir/build.make CMakeFiles/cmTC_bd61b.dir/build
make[1]: ディレクトリ '/home/cs004/yuichi/working/MonoPhoton/myProcessors/build/CMakeFiles/CMakeTmp' に入ります
Building CXX object CMakeFiles/cmTC_bd61b.dir/feature_tests.cxx.o
/usr/local/bin/g++     -std=c++11 -o CMakeFiles/cmTC_bd61b.dir/feature_tests.cxx.o -c /home/cs004/yuichi/working/MonoPhoton/myProcessors/build/CMakeFiles/feature_tests.cxx
Linking CXX executable cmTC_bd61b
/opt/ilcsoft/v01-19-04/CMake/3.6.3/bin/cmake -E cmake_link_script CMakeFiles/cmTC_bd61b.dir/link.txt --verbose=1
/usr/local/bin/g++        CMakeFiles/cmTC_bd61b.dir/feature_tests.cxx.o  -o cmTC_bd61b -rdynamic 
make[1]: ディレクトリ '/home/cs004/yuichi/working/MonoPhoton/myProcessors/build/CMakeFiles/CMakeTmp' から出ます


    Feature record: CXX_FEATURE:0cxx_aggregate_default_initializers
    Feature record: CXX_FEATURE:1cxx_alias_templates
    Feature record: CXX_FEATURE:1cxx_alignas
    Feature record: CXX_FEATURE:1cxx_alignof
    Feature record: CXX_FEATURE:1cxx_attributes
    Feature record: CXX_FEATURE:0cxx_attribute_deprecated
    Feature record: CXX_FEATURE:1cxx_auto_type
    Feature record: CXX_FEATURE:0cxx_binary_literals
    Feature record: CXX_FEATURE:1cxx_constexpr
    Feature record: CXX_FEATURE:0cxx_contextual_conversions
    Feature record: CXX_FEATURE:1cxx_decltype
    Feature record: CXX_FEATURE:0cxx_decltype_auto
    Feature record: CXX_FEATURE:1cxx_decltype_incomplete_return_types
    Feature record: CXX_FEATURE:1cxx_default_function_template_args
    Feature record: CXX_FEATURE:1cxx_defaulted_functions
    Feature record: CXX_FEATURE:1cxx_defaulted_move_initializers
    Feature record: CXX_FEATURE:1cxx_delegating_constructors
    Feature record: CXX_FEATURE:1cxx_deleted_functions
    Feature record: CXX_FEATURE:0cxx_digit_separators
    Feature record: CXX_FEATURE:1cxx_enum_forward_declarations
    Feature record: CXX_FEATURE:1cxx_explicit_conversions
    Feature record: CXX_FEATURE:1cxx_extended_friend_declarations
    Feature record: CXX_FEATURE:1cxx_extern_templates
    Feature record: CXX_FEATURE:1cxx_final
    Feature record: CXX_FEATURE:1cxx_func_identifier
    Feature record: CXX_FEATURE:1cxx_generalized_initializers
    Feature record: CXX_FEATURE:0cxx_generic_lambdas
    Feature record: CXX_FEATURE:1cxx_inheriting_constructors
    Feature record: CXX_FEATURE:1cxx_inline_namespaces
    Feature record: CXX_FEATURE:1cxx_lambdas
    Feature record: CXX_FEATURE:0cxx_lambda_init_captures
    Feature record: CXX_FEATURE:1cxx_local_type_template_args
    Feature record: CXX_FEATURE:1cxx_long_long_type
    Feature record: CXX_FEATURE:1cxx_noexcept
    Feature record: CXX_FEATURE:1cxx_nonstatic_member_init
    Feature record: CXX_FEATURE:1cxx_nullptr
    Feature record: CXX_FEATURE:1cxx_override
    Feature record: CXX_FEATURE:1cxx_range_for
    Feature record: CXX_FEATURE:1cxx_raw_string_literals
    Feature record: CXX_FEATURE:1cxx_reference_qualified_functions
    Feature record: CXX_FEATURE:0cxx_relaxed_constexpr
    Feature record: CXX_FEATURE:0cxx_return_type_deduction
    Feature record: CXX_FEATURE:1cxx_right_angle_brackets
    Feature record: CXX_FEATURE:1cxx_rvalue_references
    Feature record: CXX_FEATURE:1cxx_sizeof_member
    Feature record: CXX_FEATURE:1cxx_static_assert
    Feature record: CXX_FEATURE:1cxx_strong_enums
    Feature record: CXX_FEATURE:1cxx_template_template_parameters
    Feature record: CXX_FEATURE:1cxx_thread_local
    Feature record: CXX_FEATURE:1cxx_trailing_return_types
    Feature record: CXX_FEATURE:1cxx_unicode_literals
    Feature record: CXX_FEATURE:1cxx_uniform_initialization
    Feature record: CXX_FEATURE:1cxx_unrestricted_unions
    Feature record: CXX_FEATURE:1cxx_user_literals
    Feature record: CXX_FEATURE:0cxx_variable_templates
    Feature record: CXX_FEATURE:1cxx_variadic_macros
    Feature record: CXX_FEATURE:1cxx_variadic_templates


Detecting CXX [-std=c++98] compiler features compiled with the following output:
Change Dir: /home/cs004/yuichi/working/MonoPhoton/myProcessors/build/CMakeFiles/CMakeTmp

Run Build Command:"/usr/bin/make" "cmTC_340f9/fast"
/usr/bin/make -f CMakeFiles/cmTC_340f9.dir/build.make CMakeFiles/cmTC_340f9.dir/build
make[1]: ディレクトリ '/home/cs004/yuichi/working/MonoPhoton/myProcessors/build/CMakeFiles/CMakeTmp' に入ります
Building CXX object CMakeFiles/cmTC_340f9.dir/feature_tests.cxx.o
/usr/local/bin/g++     -std=c++98 -o CMakeFiles/cmTC_340f9.dir/feature_tests.cxx.o -c /home/cs004/yuichi/working/MonoPhoton/myProcessors/build/CMakeFiles/feature_tests.cxx
Linking CXX executable cmTC_340f9
/opt/ilcsoft/v01-19-04/CMake/3.6.3/bin/cmake -E cmake_link_script CMakeFiles/cmTC_340f9.dir/link.txt --verbose=1
/usr/local/bin/g++        CMakeFiles/cmTC_340f9.dir/feature_tests.cxx.o  -o cmTC_340f9 -rdynamic 
make[1]: ディレクトリ '/home/cs004/yuichi/working/MonoPhoton/myProcessors/build/CMakeFiles/CMakeTmp' から出ます


    Feature record: CXX_FEATURE:0cxx_aggregate_default_initializers
    Feature record: CXX_FEATURE:0cxx_alias_templates
    Feature record: CXX_FEATURE:0cxx_alignas
    Feature record: CXX_FEATURE:0cxx_alignof
    Feature record: CXX_FEATURE:0cxx_attributes
    Feature record: CXX_FEATURE:0cxx_attribute_deprecated
    Feature record: CXX_FEATURE:0cxx_auto_type
    Feature record: CXX_FEATURE:0cxx_binary_literals
    Feature record: CXX_FEATURE:0cxx_constexpr
    Feature record: CXX_FEATURE:0cxx_contextual_conversions
    Feature record: CXX_FEATURE:0cxx_decltype
    Feature record: CXX_FEATURE:0cxx_decltype_auto
    Feature record: CXX_FEATURE:0cxx_decltype_incomplete_return_types
    Feature record: CXX_FEATURE:0cxx_default_function_template_args
    Feature record: CXX_FEATURE:0cxx_defaulted_functions
    Feature record: CXX_FEATURE:0cxx_defaulted_move_initializers
    Feature record: CXX_FEATURE:0cxx_delegating_constructors
    Feature record: CXX_FEATURE:0cxx_deleted_functions
    Feature record: CXX_FEATURE:0cxx_digit_separators
    Feature record: CXX_FEATURE:0cxx_enum_forward_declarations
    Feature record: CXX_FEATURE:0cxx_explicit_conversions
    Feature record: CXX_FEATURE:0cxx_extended_friend_declarations
    Feature record: CXX_FEATURE:0cxx_extern_templates
    Feature record: CXX_FEATURE:0cxx_final
    Feature record: CXX_FEATURE:0cxx_func_identifier
    Feature record: CXX_FEATURE:0cxx_generalized_initializers
    Feature record: CXX_FEATURE:0cxx_generic_lambdas
    Feature record: CXX_FEATURE:0cxx_inheriting_constructors
    Feature record: CXX_FEATURE:0cxx_inline_namespaces
    Feature record: CXX_FEATURE:0cxx_lambdas
    Feature record: CXX_FEATURE:0cxx_lambda_init_captures
    Feature record: CXX_FEATURE:0cxx_local_type_template_args
    Feature record: CXX_FEATURE:0cxx_long_long_type
    Feature record: CXX_FEATURE:0cxx_noexcept
    Feature record: CXX_FEATURE:0cxx_nonstatic_member_init
    Feature record: CXX_FEATURE:0cxx_nullptr
    Feature record: CXX_FEATURE:0cxx_override
    Feature record: CXX_FEATURE:0cxx_range_for
    Feature record: CXX_FEATURE:0cxx_raw_string_literals
    Feature record: CXX_FEATURE:0cxx_reference_qualified_functions
    Feature record: CXX_FEATURE:0cxx_relaxed_constexpr
    Feature record: CXX_FEATURE:0cxx_return_type_deduction
    Feature record: CXX_FEATURE:0cxx_right_angle_brackets
    Feature record: CXX_FEATURE:0cxx_rvalue_references
    Feature record: CXX_FEATURE:0cxx_sizeof_member
    Feature record: CXX_FEATURE:0cxx_static_assert
    Feature record: CXX_FEATURE:0cxx_strong_enums
    Feature record: CXX_FEATURE:1cxx_template_template_parameters
    Feature record: CXX_FEATURE:0cxx_thread_local
    Feature record: CXX_FEATURE:0cxx_trailing_return_types
    Feature record: CXX_FEATURE:0cxx_unicode_literals
    Feature record: CXX_FEATURE:0cxx_uniform_initialization
    Feature record: CXX_FEATURE:0cxx_unrestricted_unions
    Feature record: CXX_FEATURE:0cxx_user_literals
    Feature record: CXX_FEATURE:0cxx_variable_templates
    Feature record: CXX_FEATURE:0cxx_variadic_macros
    Feature record: CXX_FEATURE:0cxx_variadic_templates
Performing C++ SOURCE FILE Test CXX_FLAG_WORKS_-Wall succeeded with the following output:
Change Dir: /home/cs004/yuichi/working/MonoPhoton/myProcessors/build/CMakeFiles/CMakeTmp

Run Build Command:"/usr/bin/make" "cmTC_6ac1e/fast"
/usr/bin/make -f CMakeFiles/cmTC_6ac1e.dir/build.make CMakeFiles/cmTC_6ac1e.dir/build
make[1]: Entering directory '/home/cs004/yuichi/working/MonoPhoton/myProcessors/build/CMakeFiles/CMakeTmp'
Building CXX object CMakeFiles/cmTC_6ac1e.dir/src.cxx.o
/usr/local/bin/g++     -DCXX_FLAG_WORKS_-Wall   -Wall -o CMakeFiles/cmTC_6ac1e.dir/src.cxx.o -c /home/cs004/yuichi/working/MonoPhoton/myProcessors/build/CMakeFiles/CMakeTmp/src.cxx
<command-line>:0:16: warning: missing whitespace after the macro name
Linking CXX executable cmTC_6ac1e
/opt/ilcsoft/v01-19-04/CMake/3.6.3/bin/cmake -E cmake_link_script CMakeFiles/cmTC_6ac1e.dir/link.txt --verbose=1
/usr/local/bin/g++    -DCXX_FLAG_WORKS_-Wall    CMakeFiles/cmTC_6ac1e.dir/src.cxx.o  -o cmTC_6ac1e -rdynamic 
make[1]: Leaving directory '/home/cs004/yuichi/working/MonoPhoton/myProcessors/build/CMakeFiles/CMakeTmp'

Source file was:
int main() { return 0; }
Performing C++ SOURCE FILE Test CXX_FLAG_WORKS_-Wextra succeeded with the following output:
Change Dir: /home/cs004/yuichi/working/MonoPhoton/myProcessors/build/CMakeFiles/CMakeTmp

Run Build Command:"/usr/bin/make" "cmTC_675b8/fast"
/usr/bin/make -f CMakeFiles/cmTC_675b8.dir/build.make CMakeFiles/cmTC_675b8.dir/build
make[1]: Entering directory '/home/cs004/yuichi/working/MonoPhoton/myProcessors/build/CMakeFiles/CMakeTmp'
Building CXX object CMakeFiles/cmTC_675b8.dir/src.cxx.o
/usr/local/bin/g++     -Wall   -DCXX_FLAG_WORKS_-Wextra   -Wextra -o CMakeFiles/cmTC_675b8.dir/src.cxx.o -c /home/cs004/yuichi/working/MonoPhoton/myProcessors/build/CMakeFiles/CMakeTmp/src.cxx
<command-line>:0:16: warning: missing whitespace after the macro name
Linking CXX executable cmTC_675b8
/opt/ilcsoft/v01-19-04/CMake/3.6.3/bin/cmake -E cmake_link_script CMakeFiles/cmTC_675b8.dir/link.txt --verbose=1
/usr/local/bin/g++   -Wall   -DCXX_FLAG_WORKS_-Wextra    CMakeFiles/cmTC_675b8.dir/src.cxx.o  -o cmTC_675b8 -rdynamic 
make[1]: Leaving directory '/home/cs004/yuichi/working/MonoPhoton/myProcessors/build/CMakeFiles/CMakeTmp'

Source file was:
int main() { return 0; }
Performing C++ SOURCE FILE Test CXX_FLAG_WORKS_-Wshadow succeeded with the following output:
Change Dir: /home/cs004/yuichi/working/MonoPhoton/myProcessors/build/CMakeFiles/CMakeTmp

Run Build Command:"/usr/bin/make" "cmTC_ae67a/fast"
/usr/bin/make -f CMakeFiles/cmTC_ae67a.dir/build.make CMakeFiles/cmTC_ae67a.dir/build
make[1]: Entering directory '/home/cs004/yuichi/working/MonoPhoton/myProcessors/build/CMakeFiles/CMakeTmp'
Building CXX object CMakeFiles/cmTC_ae67a.dir/src.cxx.o
/usr/local/bin/g++     -Wextra -Wall    -DCXX_FLAG_WORKS_-Wshadow   -Wshadow -o CMakeFiles/cmTC_ae67a.dir/src.cxx.o -c /home/cs004/yuichi/working/MonoPhoton/myProcessors/build/CMakeFiles/CMakeTmp/src.cxx
<command-line>:0:16: warning: missing whitespace after the macro name
Linking CXX executable cmTC_ae67a
/opt/ilcsoft/v01-19-04/CMake/3.6.3/bin/cmake -E cmake_link_script CMakeFiles/cmTC_ae67a.dir/link.txt --verbose=1
/usr/local/bin/g++   -Wextra -Wall    -DCXX_FLAG_WORKS_-Wshadow    CMakeFiles/cmTC_ae67a.dir/src.cxx.o  -o cmTC_ae67a -rdynamic 
make[1]: Leaving directory '/home/cs004/yuichi/working/MonoPhoton/myProcessors/build/CMakeFiles/CMakeTmp'

Source file was:
int main() { return 0; }
Performing C++ SOURCE FILE Test CXX_FLAG_WORKS_-Weffc++ succeeded with the following output:
Change Dir: /home/cs004/yuichi/working/MonoPhoton/myProcessors/build/CMakeFiles/CMakeTmp

Run Build Command:"/usr/bin/make" "cmTC_4df0c/fast"
/usr/bin/make -f CMakeFiles/cmTC_4df0c.dir/build.make CMakeFiles/cmTC_4df0c.dir/build
make[1]: Entering directory '/home/cs004/yuichi/working/MonoPhoton/myProcessors/build/CMakeFiles/CMakeTmp'
Building CXX object CMakeFiles/cmTC_4df0c.dir/src.cxx.o
/usr/local/bin/g++     -Wshadow -Wextra -Wall     -DCXX_FLAG_WORKS_-Weffc++   -Weffc++ -o CMakeFiles/cmTC_4df0c.dir/src.cxx.o -c /home/cs004/yuichi/working/MonoPhoton/myProcessors/build/CMakeFiles/CMakeTmp/src.cxx
<command-line>:0:16: warning: missing whitespace after the macro name
Linking CXX executable cmTC_4df0c
/opt/ilcsoft/v01-19-04/CMake/3.6.3/bin/cmake -E cmake_link_script CMakeFiles/cmTC_4df0c.dir/link.txt --verbose=1
/usr/local/bin/g++   -Wshadow -Wextra -Wall     -DCXX_FLAG_WORKS_-Weffc++    CMakeFiles/cmTC_4df0c.dir/src.cxx.o  -o cmTC_4df0c -rdynamic 
make[1]: Leaving directory '/home/cs004/yuichi/working/MonoPhoton/myProcessors/build/CMakeFiles/CMakeTmp'

Source file was:
int main() { return 0; }
Performing C++ SOURCE FILE Test CXX_FLAG_WORKS_-pedantic succeeded with the following output:
Change Dir: /home/cs004/yuichi/working/MonoPhoton/myProcessors/build/CMakeFiles/CMakeTmp

Run Build Command:"/usr/bin/make" "cmTC_6fef9/fast"
/usr/bin/make -f CMakeFiles/cmTC_6fef9.dir/build.make CMakeFiles/cmTC_6fef9.dir/build
make[1]: Entering directory '/home/cs004/yuichi/working/MonoPhoton/myProcessors/build/CMakeFiles/CMakeTmp'
Building CXX object CMakeFiles/cmTC_6fef9.dir/src.cxx.o
/usr/local/bin/g++     -Weffc++ -Wshadow -Wextra -Wall      -DCXX_FLAG_WORKS_-pedantic   -pedantic -o CMakeFiles/cmTC_6fef9.dir/src.cxx.o -c /home/cs004/yuichi/working/MonoPhoton/myProcessors/build/CMakeFiles/CMakeTmp/src.cxx
<command-line>:0:16: warning: missing whitespace after the macro name
Linking CXX executable cmTC_6fef9
/opt/ilcsoft/v01-19-04/CMake/3.6.3/bin/cmake -E cmake_link_script CMakeFiles/cmTC_6fef9.dir/link.txt --verbose=1
/usr/local/bin/g++   -Weffc++ -Wshadow -Wextra -Wall      -DCXX_FLAG_WORKS_-pedantic    CMakeFiles/cmTC_6fef9.dir/src.cxx.o  -o cmTC_6fef9 -rdynamic 
make[1]: Leaving directory '/home/cs004/yuichi/working/MonoPhoton/myProcessors/build/CMakeFiles/CMakeTmp'

Source file was:
int main() { return 0; }
Performing C++ SOURCE FILE Test CXX_FLAG_WORKS_-Wno-long-long succeeded with the following output:
Change Dir: /home/cs004/yuichi/working/MonoPhoton/myProcessors/build/CMakeFiles/CMakeTmp

Run Build Command:"/usr/bin/make" "cmTC_b124d/fast"
/usr/bin/make -f CMakeFiles/cmTC_b124d.dir/build.make CMakeFiles/cmTC_b124d.dir/build
make[1]: Entering directory '/home/cs004/yuichi/working/MonoPhoton/myProcessors/build/CMakeFiles/CMakeTmp'
Building CXX object CMakeFiles/cmTC_b124d.dir/src.cxx.o
/usr/local/bin/g++     -pedantic -Weffc++ -Wshadow -Wextra -Wall       -DCXX_FLAG_WORKS_-Wno-long-long   -Wno-long-long -o CMakeFiles/cmTC_b124d.dir/src.cxx.o -c /home/cs004/yuichi/working/MonoPhoton/myProcessors/build/CMakeFiles/CMakeTmp/src.cxx
<command-line>:0:16: warning: missing whitespace after the macro name
Linking CXX executable cmTC_b124d
/opt/ilcsoft/v01-19-04/CMake/3.6.3/bin/cmake -E cmake_link_script CMakeFiles/cmTC_b124d.dir/link.txt --verbose=1
/usr/local/bin/g++   -pedantic -Weffc++ -Wshadow -Wextra -Wall       -DCXX_FLAG_WORKS_-Wno-long-long    CMakeFiles/cmTC_b124d.dir/src.cxx.o  -o cmTC_b124d -rdynamic 
make[1]: Leaving directory '/home/cs004/yuichi/working/MonoPhoton/myProcessors/build/CMakeFiles/CMakeTmp'

Source file was:
int main() { return 0; }
Performing C++ SOURCE FILE Test CXX_FLAG_WORKS_-Wuninitialized succeeded with the following output:
Change Dir: /home/cs004/yuichi/working/MonoPhoton/myProcessors/build/CMakeFiles/CMakeTmp

Run Build Command:"/usr/bin/make" "cmTC_09d17/fast"
/usr/bin/make -f CMakeFiles/cmTC_09d17.dir/build.make CMakeFiles/cmTC_09d17.dir/build
make[1]: Entering directory '/home/cs004/yuichi/working/MonoPhoton/myProcessors/build/CMakeFiles/CMakeTmp'
Building CXX object CMakeFiles/cmTC_09d17.dir/src.cxx.o
/usr/local/bin/g++     -Wno-long-long -pedantic -Weffc++ -Wshadow -Wextra -Wall        -DCXX_FLAG_WORKS_-Wuninitialized   -Wuninitialized -o CMakeFiles/cmTC_09d17.dir/src.cxx.o -c /home/cs004/yuichi/working/MonoPhoton/myProcessors/build/CMakeFiles/CMakeTmp/src.cxx
<command-line>:0:16: warning: missing whitespace after the macro name
Linking CXX executable cmTC_09d17
/opt/ilcsoft/v01-19-04/CMake/3.6.3/bin/cmake -E cmake_link_script CMakeFiles/cmTC_09d17.dir/link.txt --verbose=1
/usr/local/bin/g++   -Wno-long-long -pedantic -Weffc++ -Wshadow -Wextra -Wall        -DCXX_FLAG_WORKS_-Wuninitialized    CMakeFiles/cmTC_09d17.dir/src.cxx.o  -o cmTC_09d17 -rdynamic 
make[1]: Leaving directory '/home/cs004/yuichi/working/MonoPhoton/myProcessors/build/CMakeFiles/CMakeTmp'

Source file was:
int main() { return 0; }
Performing C++ SOURCE FILE Test CXX_FLAG_WORKS_-Wl,-no-undefined succeeded with the following output:
Change Dir: /home/cs004/yuichi/working/MonoPhoton/myProcessors/build/CMakeFiles/CMakeTmp

Run Build Command:"/usr/bin/make" "cmTC_ae7b6/fast"
/usr/bin/make -f CMakeFiles/cmTC_ae7b6.dir/build.make CMakeFiles/cmTC_ae7b6.dir/build
make[1]: Entering directory '/home/cs004/yuichi/working/MonoPhoton/myProcessors/build/CMakeFiles/CMakeTmp'
Building CXX object CMakeFiles/cmTC_ae7b6.dir/src.cxx.o
/usr/local/bin/g++     -Wuninitialized -Wno-long-long -pedantic -Weffc++ -Wshadow -Wextra -Wall         -DCXX_FLAG_WORKS_-Wl,-no-undefined   -Wl,-no-undefined -o CMakeFiles/cmTC_ae7b6.dir/src.cxx.o -c /home/cs004/yuichi/working/MonoPhoton/myProcessors/build/CMakeFiles/CMakeTmp/src.cxx
<command-line>:0:16: warning: missing whitespace after the macro name
Linking CXX executable cmTC_ae7b6
/opt/ilcsoft/v01-19-04/CMake/3.6.3/bin/cmake -E cmake_link_script CMakeFiles/cmTC_ae7b6.dir/link.txt --verbose=1
/usr/local/bin/g++   -Wuninitialized -Wno-long-long -pedantic -Weffc++ -Wshadow -Wextra -Wall         -DCXX_FLAG_WORKS_-Wl,-no-undefined    CMakeFiles/cmTC_ae7b6.dir/src.cxx.o  -o cmTC_ae7b6 -rdynamic 
make[1]: Leaving directory '/home/cs004/yuichi/working/MonoPhoton/myProcessors/build/CMakeFiles/CMakeTmp'

Source file was:
int main() { return 0; }
Performing C++ SOURCE FILE Test CXX_FLAG_WORKS_-std=c++11 succeeded with the following output:
Change Dir: /home/cs004/yuichi/working/MonoPhoton/myProcessors/build/CMakeFiles/CMakeTmp

Run Build Command:"/usr/bin/make" "cmTC_0bd73/fast"
/usr/bin/make -f CMakeFiles/cmTC_0bd73.dir/build.make CMakeFiles/cmTC_0bd73.dir/build
make[1]: Entering directory '/home/cs004/yuichi/working/MonoPhoton/myProcessors/build/CMakeFiles/CMakeTmp'
Building CXX object CMakeFiles/cmTC_0bd73.dir/src.cxx.o
/usr/local/bin/g++     -Wl,-no-undefined -Wuninitialized -Wno-long-long -pedantic -Weffc++ -Wshadow -Wextra -Wall          -DCXX_FLAG_WORKS_-std=c++11   -std=c++11 -o CMakeFiles/cmTC_0bd73.dir/src.cxx.o -c /home/cs004/yuichi/working/MonoPhoton/myProcessors/build/CMakeFiles/CMakeTmp/src.cxx
<command-line>:0:16: warning: ISO C99 requires whitespace after the macro name
Linking CXX executable cmTC_0bd73
/opt/ilcsoft/v01-19-04/CMake/3.6.3/bin/cmake -E cmake_link_script CMakeFiles/cmTC_0bd73.dir/link.txt --verbose=1
/usr/local/bin/g++   -Wl,-no-undefined -Wuninitialized -Wno-long-long -pedantic -Weffc++ -Wshadow -Wextra -Wall          -DCXX_FLAG_WORKS_-std=c++11    CMakeFiles/cmTC_0bd73.dir/src.cxx.o  -o cmTC_0bd73 -rdynamic 
make[1]: Leaving directory '/home/cs004/yuichi/working/MonoPhoton/myProcessors/build/CMakeFiles/CMakeTmp'

Source file was:
int main() { return 0; }
